2017-04-02 00:33:26,083 INFO org.apache.hadoop.fs.FSNamesystem: Number of transactions: 0 Total time for transactions(ms): 0 Number of syncs: 0 SyncTimes(ms): 0 
2017-04-02 00:33:26,086 WARN org.apache.hadoop.dfs.Storage: Checkpoint directory /home/ubuntu/old_hadoop_temp/dfs/namesecondary is added.
2017-04-02 00:33:26,101 INFO org.apache.hadoop.dfs.NameNode.Secondary: Downloaded file fsimage size 5622 bytes.
2017-04-02 00:33:26,103 INFO org.apache.hadoop.dfs.NameNode.Secondary: Downloaded file edits size 4 bytes.
2017-04-02 00:33:26,109 INFO org.apache.hadoop.fs.FSNamesystem: fsOwner=ubuntu,ubuntu,adm,dialout,cdrom,plugdev,lpadmin,sambashare,admin
2017-04-02 00:33:26,109 INFO org.apache.hadoop.fs.FSNamesystem: supergroup=supergroup
2017-04-02 00:33:26,109 INFO org.apache.hadoop.fs.FSNamesystem: isPermissionEnabled=true
2017-04-02 00:33:26,110 INFO org.apache.hadoop.dfs.Storage: Number of files = 51
2017-04-02 00:33:26,114 INFO org.apache.hadoop.dfs.Storage: Number of files under construction = 0
2017-04-02 00:33:26,115 INFO org.apache.hadoop.dfs.Storage: Edits file edits of size 4 edits # 0 loaded in 0 seconds.
2017-04-02 00:33:26,120 INFO org.apache.hadoop.dfs.Storage: Image file of size 5622 saved in 0 seconds.
2017-04-02 00:33:26,132 INFO org.apache.hadoop.fs.FSNamesystem: Number of transactions: 0 Total time for transactions(ms): 0 Number of syncs: 0 SyncTimes(ms): 0 
2017-04-02 00:33:26,159 INFO org.apache.hadoop.dfs.NameNode.Secondary: Posted URL 0.0.0.0:50070putimage=1&port=50090&machine=192.168.1.153&token=-16:301340797:0:1491082405000:1491082406004
2017-04-02 00:33:26,192 WARN org.apache.hadoop.dfs.NameNode.Secondary: Checkpoint done. New Image Size: 5622
2017-04-02 01:33:26,244 INFO org.apache.hadoop.fs.FSNamesystem: Number of transactions: 0 Total time for transactions(ms): 0 Number of syncs: 0 SyncTimes(ms): 0 
2017-04-02 01:33:26,246 WARN org.apache.hadoop.dfs.Storage: Checkpoint directory /home/ubuntu/old_hadoop_temp/dfs/namesecondary is added.
2017-04-02 01:33:26,261 INFO org.apache.hadoop.dfs.NameNode.Secondary: Downloaded file fsimage size 5622 bytes.
2017-04-02 01:33:26,263 INFO org.apache.hadoop.dfs.NameNode.Secondary: Downloaded file edits size 4 bytes.
2017-04-02 01:33:26,269 INFO org.apache.hadoop.fs.FSNamesystem: fsOwner=ubuntu,ubuntu,adm,dialout,cdrom,plugdev,lpadmin,sambashare,admin
2017-04-02 01:33:26,269 INFO org.apache.hadoop.fs.FSNamesystem: supergroup=supergroup
2017-04-02 01:33:26,269 INFO org.apache.hadoop.fs.FSNamesystem: isPermissionEnabled=true
2017-04-02 01:33:26,270 INFO org.apache.hadoop.dfs.Storage: Number of files = 51
2017-04-02 01:33:26,274 INFO org.apache.hadoop.dfs.Storage: Number of files under construction = 0
2017-04-02 01:33:26,275 INFO org.apache.hadoop.dfs.Storage: Edits file edits of size 4 edits # 0 loaded in 0 seconds.
2017-04-02 01:33:26,279 INFO org.apache.hadoop.dfs.Storage: Image file of size 5622 saved in 0 seconds.
2017-04-02 01:33:26,293 INFO org.apache.hadoop.fs.FSNamesystem: Number of transactions: 0 Total time for transactions(ms): 0 Number of syncs: 0 SyncTimes(ms): 0 
2017-04-02 01:33:26,323 INFO org.apache.hadoop.dfs.NameNode.Secondary: Posted URL 0.0.0.0:50070putimage=1&port=50090&machine=192.168.1.153&token=-16:301340797:0:1491086006000:1491086006169
2017-04-02 01:33:26,359 WARN org.apache.hadoop.dfs.NameNode.Secondary: Checkpoint done. New Image Size: 5622
2017-04-02 02:33:26,422 INFO org.apache.hadoop.fs.FSNamesystem: Number of transactions: 0 Total time for transactions(ms): 0 Number of syncs: 0 SyncTimes(ms): 0 
2017-04-02 02:33:26,424 WARN org.apache.hadoop.dfs.Storage: Checkpoint directory /home/ubuntu/old_hadoop_temp/dfs/namesecondary is added.
2017-04-02 02:33:26,438 INFO org.apache.hadoop.dfs.NameNode.Secondary: Downloaded file fsimage size 5622 bytes.
2017-04-02 02:33:26,439 INFO org.apache.hadoop.dfs.NameNode.Secondary: Downloaded file edits size 4 bytes.
2017-04-02 02:33:26,445 INFO org.apache.hadoop.fs.FSNamesystem: fsOwner=ubuntu,ubuntu,adm,dialout,cdrom,plugdev,lpadmin,sambashare,admin
2017-04-02 02:33:26,445 INFO org.apache.hadoop.fs.FSNamesystem: supergroup=supergroup
2017-04-02 02:33:26,446 INFO org.apache.hadoop.fs.FSNamesystem: isPermissionEnabled=true
2017-04-02 02:33:26,447 INFO org.apache.hadoop.dfs.Storage: Number of files = 51
2017-04-02 02:33:26,450 INFO org.apache.hadoop.dfs.Storage: Number of files under construction = 0
2017-04-02 02:33:26,451 INFO org.apache.hadoop.dfs.Storage: Edits file edits of size 4 edits # 0 loaded in 0 seconds.
2017-04-02 02:33:26,468 INFO org.apache.hadoop.dfs.Storage: Image file of size 5622 saved in 0 seconds.
2017-04-02 02:33:26,475 INFO org.apache.hadoop.fs.FSNamesystem: Number of transactions: 0 Total time for transactions(ms): 0 Number of syncs: 0 SyncTimes(ms): 0 
2017-04-02 02:33:26,504 INFO org.apache.hadoop.dfs.NameNode.Secondary: Posted URL 0.0.0.0:50070putimage=1&port=50090&machine=192.168.1.153&token=-16:301340797:0:1491089606000:1491089606337
2017-04-02 02:33:26,538 WARN org.apache.hadoop.dfs.NameNode.Secondary: Checkpoint done. New Image Size: 5622
2017-04-02 03:33:26,592 INFO org.apache.hadoop.fs.FSNamesystem: Number of transactions: 0 Total time for transactions(ms): 0 Number of syncs: 0 SyncTimes(ms): 0 
2017-04-02 03:33:26,593 WARN org.apache.hadoop.dfs.Storage: Checkpoint directory /home/ubuntu/old_hadoop_temp/dfs/namesecondary is added.
2017-04-02 03:33:26,608 INFO org.apache.hadoop.dfs.NameNode.Secondary: Downloaded file fsimage size 5622 bytes.
2017-04-02 03:33:26,610 INFO org.apache.hadoop.dfs.NameNode.Secondary: Downloaded file edits size 4 bytes.
2017-04-02 03:33:26,617 INFO org.apache.hadoop.fs.FSNamesystem: fsOwner=ubuntu,ubuntu,adm,dialout,cdrom,plugdev,lpadmin,sambashare,admin
2017-04-02 03:33:26,617 INFO org.apache.hadoop.fs.FSNamesystem: supergroup=supergroup
2017-04-02 03:33:26,618 INFO org.apache.hadoop.fs.FSNamesystem: isPermissionEnabled=true
2017-04-02 03:33:26,622 INFO org.apache.hadoop.dfs.Storage: Number of files = 51
2017-04-02 03:33:26,636 INFO org.apache.hadoop.dfs.Storage: Number of files under construction = 0
2017-04-02 03:33:26,636 INFO org.apache.hadoop.dfs.Storage: Edits file edits of size 4 edits # 0 loaded in 0 seconds.
2017-04-02 03:33:26,641 INFO org.apache.hadoop.dfs.Storage: Image file of size 5622 saved in 0 seconds.
2017-04-02 03:33:26,648 INFO org.apache.hadoop.fs.FSNamesystem: Number of transactions: 0 Total time for transactions(ms): 0 Number of syncs: 0 SyncTimes(ms): 0 
2017-04-02 03:33:26,682 INFO org.apache.hadoop.dfs.NameNode.Secondary: Posted URL 0.0.0.0:50070putimage=1&port=50090&machine=192.168.1.153&token=-16:301340797:0:1491093206000:1491093206513
2017-04-02 03:33:26,715 WARN org.apache.hadoop.dfs.NameNode.Secondary: Checkpoint done. New Image Size: 5622
2017-04-02 04:33:26,772 INFO org.apache.hadoop.fs.FSNamesystem: Number of transactions: 0 Total time for transactions(ms): 0 Number of syncs: 0 SyncTimes(ms): 0 
2017-04-02 04:33:26,774 WARN org.apache.hadoop.dfs.Storage: Checkpoint directory /home/ubuntu/old_hadoop_temp/dfs/namesecondary is added.
2017-04-02 04:33:26,788 INFO org.apache.hadoop.dfs.NameNode.Secondary: Downloaded file fsimage size 5622 bytes.
2017-04-02 04:33:26,793 INFO org.apache.hadoop.dfs.NameNode.Secondary: Downloaded file edits size 4 bytes.
2017-04-02 04:33:26,805 INFO org.apache.hadoop.fs.FSNamesystem: fsOwner=ubuntu,ubuntu,adm,dialout,cdrom,plugdev,lpadmin,sambashare,admin
2017-04-02 04:33:26,805 INFO org.apache.hadoop.fs.FSNamesystem: supergroup=supergroup
2017-04-02 04:33:26,805 INFO org.apache.hadoop.fs.FSNamesystem: isPermissionEnabled=true
2017-04-02 04:33:26,808 INFO org.apache.hadoop.dfs.Storage: Number of files = 51
2017-04-02 04:33:26,811 INFO org.apache.hadoop.dfs.Storage: Number of files under construction = 0
2017-04-02 04:33:26,813 INFO org.apache.hadoop.dfs.Storage: Edits file edits of size 4 edits # 0 loaded in 0 seconds.
2017-04-02 04:33:26,818 INFO org.apache.hadoop.dfs.Storage: Image file of size 5622 saved in 0 seconds.
2017-04-02 04:33:26,826 INFO org.apache.hadoop.fs.FSNamesystem: Number of transactions: 0 Total time for transactions(ms): 0 Number of syncs: 0 SyncTimes(ms): 0 
2017-04-02 04:33:26,855 INFO org.apache.hadoop.dfs.NameNode.Secondary: Posted URL 0.0.0.0:50070putimage=1&port=50090&machine=192.168.1.153&token=-16:301340797:0:1491096806000:1491096806692
2017-04-02 04:33:26,891 WARN org.apache.hadoop.dfs.NameNode.Secondary: Checkpoint done. New Image Size: 5622
2017-04-02 05:33:26,953 INFO org.apache.hadoop.fs.FSNamesystem: Number of transactions: 0 Total time for transactions(ms): 0 Number of syncs: 0 SyncTimes(ms): 0 
2017-04-02 05:33:26,954 WARN org.apache.hadoop.dfs.Storage: Checkpoint directory /home/ubuntu/old_hadoop_temp/dfs/namesecondary is added.
2017-04-02 05:33:26,968 INFO org.apache.hadoop.dfs.NameNode.Secondary: Downloaded file fsimage size 5622 bytes.
2017-04-02 05:33:26,970 INFO org.apache.hadoop.dfs.NameNode.Secondary: Downloaded file edits size 4 bytes.
2017-04-02 05:33:26,976 INFO org.apache.hadoop.fs.FSNamesystem: fsOwner=ubuntu,ubuntu,adm,dialout,cdrom,plugdev,lpadmin,sambashare,admin
2017-04-02 05:33:26,976 INFO org.apache.hadoop.fs.FSNamesystem: supergroup=supergroup
2017-04-02 05:33:26,976 INFO org.apache.hadoop.fs.FSNamesystem: isPermissionEnabled=true
2017-04-02 05:33:26,977 INFO org.apache.hadoop.dfs.Storage: Number of files = 51
2017-04-02 05:33:26,981 INFO org.apache.hadoop.dfs.Storage: Number of files under construction = 0
2017-04-02 05:33:26,982 INFO org.apache.hadoop.dfs.Storage: Edits file edits of size 4 edits # 0 loaded in 0 seconds.
2017-04-02 05:33:26,987 INFO org.apache.hadoop.dfs.Storage: Image file of size 5622 saved in 0 seconds.
2017-04-02 05:33:26,995 INFO org.apache.hadoop.fs.FSNamesystem: Number of transactions: 0 Total time for transactions(ms): 0 Number of syncs: 0 SyncTimes(ms): 0 
2017-04-02 05:33:27,023 INFO org.apache.hadoop.dfs.NameNode.Secondary: Posted URL 0.0.0.0:50070putimage=1&port=50090&machine=192.168.1.153&token=-16:301340797:0:1491100406000:1491100406869
2017-04-02 05:33:27,056 WARN org.apache.hadoop.dfs.NameNode.Secondary: Checkpoint done. New Image Size: 5622
2017-04-02 06:33:27,106 INFO org.apache.hadoop.fs.FSNamesystem: Number of transactions: 0 Total time for transactions(ms): 0 Number of syncs: 0 SyncTimes(ms): 0 
2017-04-02 06:33:27,108 WARN org.apache.hadoop.dfs.Storage: Checkpoint directory /home/ubuntu/old_hadoop_temp/dfs/namesecondary is added.
2017-04-02 06:33:27,122 INFO org.apache.hadoop.dfs.NameNode.Secondary: Downloaded file fsimage size 5622 bytes.
2017-04-02 06:33:27,124 INFO org.apache.hadoop.dfs.NameNode.Secondary: Downloaded file edits size 4 bytes.
2017-04-02 06:33:27,130 INFO org.apache.hadoop.fs.FSNamesystem: fsOwner=ubuntu,ubuntu,adm,dialout,cdrom,plugdev,lpadmin,sambashare,admin
2017-04-02 06:33:27,130 INFO org.apache.hadoop.fs.FSNamesystem: supergroup=supergroup
2017-04-02 06:33:27,131 INFO org.apache.hadoop.fs.FSNamesystem: isPermissionEnabled=true
2017-04-02 06:33:27,132 INFO org.apache.hadoop.dfs.Storage: Number of files = 51
2017-04-02 06:33:27,136 INFO org.apache.hadoop.dfs.Storage: Number of files under construction = 0
2017-04-02 06:33:27,136 INFO org.apache.hadoop.dfs.Storage: Edits file edits of size 4 edits # 0 loaded in 0 seconds.
2017-04-02 06:33:27,141 INFO org.apache.hadoop.dfs.Storage: Image file of size 5622 saved in 0 seconds.
2017-04-02 06:33:27,153 INFO org.apache.hadoop.fs.FSNamesystem: Number of transactions: 0 Total time for transactions(ms): 0 Number of syncs: 0 SyncTimes(ms): 0 
2017-04-02 06:33:27,186 INFO org.apache.hadoop.dfs.NameNode.Secondary: Posted URL 0.0.0.0:50070putimage=1&port=50090&machine=192.168.1.153&token=-16:301340797:0:1491104006000:1491104007033
2017-04-02 06:33:27,216 WARN org.apache.hadoop.dfs.NameNode.Secondary: Checkpoint done. New Image Size: 5622
2017-04-02 07:33:27,273 INFO org.apache.hadoop.fs.FSNamesystem: Number of transactions: 0 Total time for transactions(ms): 0 Number of syncs: 0 SyncTimes(ms): 0 
2017-04-02 07:33:27,275 WARN org.apache.hadoop.dfs.Storage: Checkpoint directory /home/ubuntu/old_hadoop_temp/dfs/namesecondary is added.
2017-04-02 07:33:27,297 INFO org.apache.hadoop.dfs.NameNode.Secondary: Downloaded file fsimage size 5622 bytes.
2017-04-02 07:33:27,299 INFO org.apache.hadoop.dfs.NameNode.Secondary: Downloaded file edits size 4 bytes.
2017-04-02 07:33:27,305 INFO org.apache.hadoop.fs.FSNamesystem: fsOwner=ubuntu,ubuntu,adm,dialout,cdrom,plugdev,lpadmin,sambashare,admin
2017-04-02 07:33:27,305 INFO org.apache.hadoop.fs.FSNamesystem: supergroup=supergroup
2017-04-02 07:33:27,306 INFO org.apache.hadoop.fs.FSNamesystem: isPermissionEnabled=true
2017-04-02 07:33:27,307 INFO org.apache.hadoop.dfs.Storage: Number of files = 51
2017-04-02 07:33:27,310 INFO org.apache.hadoop.dfs.Storage: Number of files under construction = 0
2017-04-02 07:33:27,310 INFO org.apache.hadoop.dfs.Storage: Edits file edits of size 4 edits # 0 loaded in 0 seconds.
2017-04-02 07:33:27,315 INFO org.apache.hadoop.dfs.Storage: Image file of size 5622 saved in 0 seconds.
2017-04-02 07:33:27,329 INFO org.apache.hadoop.fs.FSNamesystem: Number of transactions: 0 Total time for transactions(ms): 0 Number of syncs: 0 SyncTimes(ms): 0 
2017-04-02 07:33:27,359 INFO org.apache.hadoop.dfs.NameNode.Secondary: Posted URL 0.0.0.0:50070putimage=1&port=50090&machine=192.168.1.153&token=-16:301340797:0:1491107607000:1491107607196
2017-04-02 07:33:27,391 WARN org.apache.hadoop.dfs.NameNode.Secondary: Checkpoint done. New Image Size: 5622
2017-04-02 08:33:27,449 INFO org.apache.hadoop.fs.FSNamesystem: Number of transactions: 0 Total time for transactions(ms): 0 Number of syncs: 0 SyncTimes(ms): 0 
2017-04-02 08:33:27,451 WARN org.apache.hadoop.dfs.Storage: Checkpoint directory /home/ubuntu/old_hadoop_temp/dfs/namesecondary is added.
2017-04-02 08:33:27,465 INFO org.apache.hadoop.dfs.NameNode.Secondary: Downloaded file fsimage size 5622 bytes.
2017-04-02 08:33:27,467 INFO org.apache.hadoop.dfs.NameNode.Secondary: Downloaded file edits size 4 bytes.
2017-04-02 08:33:27,474 INFO org.apache.hadoop.fs.FSNamesystem: fsOwner=ubuntu,ubuntu,adm,dialout,cdrom,plugdev,lpadmin,sambashare,admin
2017-04-02 08:33:27,475 INFO org.apache.hadoop.fs.FSNamesystem: supergroup=supergroup
2017-04-02 08:33:27,475 INFO org.apache.hadoop.fs.FSNamesystem: isPermissionEnabled=true
2017-04-02 08:33:27,476 INFO org.apache.hadoop.dfs.Storage: Number of files = 51
2017-04-02 08:33:27,480 INFO org.apache.hadoop.dfs.Storage: Number of files under construction = 0
2017-04-02 08:33:27,480 INFO org.apache.hadoop.dfs.Storage: Edits file edits of size 4 edits # 0 loaded in 0 seconds.
2017-04-02 08:33:27,494 INFO org.apache.hadoop.dfs.Storage: Image file of size 5622 saved in 0 seconds.
2017-04-02 08:33:27,504 INFO org.apache.hadoop.fs.FSNamesystem: Number of transactions: 0 Total time for transactions(ms): 0 Number of syncs: 0 SyncTimes(ms): 0 
2017-04-02 08:33:27,534 INFO org.apache.hadoop.dfs.NameNode.Secondary: Posted URL 0.0.0.0:50070putimage=1&port=50090&machine=192.168.1.153&token=-16:301340797:0:1491111207000:1491111207368
2017-04-02 08:33:27,566 WARN org.apache.hadoop.dfs.NameNode.Secondary: Checkpoint done. New Image Size: 5622
2017-04-02 09:33:27,625 INFO org.apache.hadoop.fs.FSNamesystem: Number of transactions: 0 Total time for transactions(ms): 0 Number of syncs: 0 SyncTimes(ms): 0 
2017-04-02 09:33:27,626 WARN org.apache.hadoop.dfs.Storage: Checkpoint directory /home/ubuntu/old_hadoop_temp/dfs/namesecondary is added.
2017-04-02 09:33:27,640 INFO org.apache.hadoop.dfs.NameNode.Secondary: Downloaded file fsimage size 5622 bytes.
2017-04-02 09:33:27,642 INFO org.apache.hadoop.dfs.NameNode.Secondary: Downloaded file edits size 4 bytes.
2017-04-02 09:33:27,647 INFO org.apache.hadoop.fs.FSNamesystem: fsOwner=ubuntu,ubuntu,adm,dialout,cdrom,plugdev,lpadmin,sambashare,admin
2017-04-02 09:33:27,648 INFO org.apache.hadoop.fs.FSNamesystem: supergroup=supergroup
2017-04-02 09:33:27,648 INFO org.apache.hadoop.fs.FSNamesystem: isPermissionEnabled=true
2017-04-02 09:33:27,652 INFO org.apache.hadoop.dfs.Storage: Number of files = 51
2017-04-02 09:33:27,666 INFO org.apache.hadoop.dfs.Storage: Number of files under construction = 0
2017-04-02 09:33:27,666 INFO org.apache.hadoop.dfs.Storage: Edits file edits of size 4 edits # 0 loaded in 0 seconds.
2017-04-02 09:33:27,671 INFO org.apache.hadoop.dfs.Storage: Image file of size 5622 saved in 0 seconds.
2017-04-02 09:33:27,677 INFO org.apache.hadoop.fs.FSNamesystem: Number of transactions: 0 Total time for transactions(ms): 0 Number of syncs: 0 SyncTimes(ms): 0 
2017-04-02 09:33:27,707 INFO org.apache.hadoop.dfs.NameNode.Secondary: Posted URL 0.0.0.0:50070putimage=1&port=50090&machine=192.168.1.153&token=-16:301340797:0:1491114807000:1491114807547
2017-04-02 09:33:27,730 WARN org.apache.hadoop.dfs.NameNode.Secondary: Checkpoint done. New Image Size: 5622
2017-04-02 10:33:27,784 INFO org.apache.hadoop.fs.FSNamesystem: Number of transactions: 0 Total time for transactions(ms): 0 Number of syncs: 0 SyncTimes(ms): 0 
2017-04-02 10:33:27,785 WARN org.apache.hadoop.dfs.Storage: Checkpoint directory /home/ubuntu/old_hadoop_temp/dfs/namesecondary is added.
2017-04-02 10:33:27,800 INFO org.apache.hadoop.dfs.NameNode.Secondary: Downloaded file fsimage size 5622 bytes.
2017-04-02 10:33:27,801 INFO org.apache.hadoop.dfs.NameNode.Secondary: Downloaded file edits size 4 bytes.
2017-04-02 10:33:27,806 INFO org.apache.hadoop.fs.FSNamesystem: fsOwner=ubuntu,ubuntu,adm,dialout,cdrom,plugdev,lpadmin,sambashare,admin
2017-04-02 10:33:27,806 INFO org.apache.hadoop.fs.FSNamesystem: supergroup=supergroup
2017-04-02 10:33:27,806 INFO org.apache.hadoop.fs.FSNamesystem: isPermissionEnabled=true
2017-04-02 10:33:27,807 INFO org.apache.hadoop.dfs.Storage: Number of files = 51
2017-04-02 10:33:27,811 INFO org.apache.hadoop.dfs.Storage: Number of files under construction = 0
2017-04-02 10:33:27,812 INFO org.apache.hadoop.dfs.Storage: Edits file edits of size 4 edits # 0 loaded in 0 seconds.
2017-04-02 10:33:27,817 INFO org.apache.hadoop.dfs.Storage: Image file of size 5622 saved in 0 seconds.
2017-04-02 10:33:27,825 INFO org.apache.hadoop.fs.FSNamesystem: Number of transactions: 0 Total time for transactions(ms): 0 Number of syncs: 0 SyncTimes(ms): 0 
2017-04-02 10:33:27,846 INFO org.apache.hadoop.dfs.NameNode.Secondary: Posted URL 0.0.0.0:50070putimage=1&port=50090&machine=192.168.1.153&token=-16:301340797:0:1491118407000:1491118407715
2017-04-02 10:33:27,873 WARN org.apache.hadoop.dfs.NameNode.Secondary: Checkpoint done. New Image Size: 5622
2017-04-02 11:33:27,923 INFO org.apache.hadoop.fs.FSNamesystem: Number of transactions: 0 Total time for transactions(ms): 0 Number of syncs: 0 SyncTimes(ms): 0 
2017-04-02 11:33:27,925 WARN org.apache.hadoop.dfs.Storage: Checkpoint directory /home/ubuntu/old_hadoop_temp/dfs/namesecondary is added.
2017-04-02 11:33:27,944 INFO org.apache.hadoop.dfs.NameNode.Secondary: Downloaded file fsimage size 5622 bytes.
2017-04-02 11:33:27,945 INFO org.apache.hadoop.dfs.NameNode.Secondary: Downloaded file edits size 4 bytes.
2017-04-02 11:33:27,951 INFO org.apache.hadoop.fs.FSNamesystem: fsOwner=ubuntu,ubuntu,adm,dialout,cdrom,plugdev,lpadmin,sambashare,admin
2017-04-02 11:33:27,951 INFO org.apache.hadoop.fs.FSNamesystem: supergroup=supergroup
2017-04-02 11:33:27,951 INFO org.apache.hadoop.fs.FSNamesystem: isPermissionEnabled=true
2017-04-02 11:33:27,952 INFO org.apache.hadoop.dfs.Storage: Number of files = 51
2017-04-02 11:33:27,956 INFO org.apache.hadoop.dfs.Storage: Number of files under construction = 0
2017-04-02 11:33:27,956 INFO org.apache.hadoop.dfs.Storage: Edits file edits of size 4 edits # 0 loaded in 0 seconds.
2017-04-02 11:33:27,961 INFO org.apache.hadoop.dfs.Storage: Image file of size 5622 saved in 0 seconds.
2017-04-02 11:33:27,973 INFO org.apache.hadoop.fs.FSNamesystem: Number of transactions: 0 Total time for transactions(ms): 0 Number of syncs: 0 SyncTimes(ms): 0 
2017-04-02 11:33:28,003 INFO org.apache.hadoop.dfs.NameNode.Secondary: Posted URL 0.0.0.0:50070putimage=1&port=50090&machine=192.168.1.153&token=-16:301340797:0:1491122007000:1491122007855
2017-04-02 11:33:28,032 WARN org.apache.hadoop.dfs.NameNode.Secondary: Checkpoint done. New Image Size: 5622
2017-04-02 12:33:28,087 INFO org.apache.hadoop.fs.FSNamesystem: Number of transactions: 0 Total time for transactions(ms): 0 Number of syncs: 0 SyncTimes(ms): 0 
2017-04-02 12:33:28,089 WARN org.apache.hadoop.dfs.Storage: Checkpoint directory /home/ubuntu/old_hadoop_temp/dfs/namesecondary is added.
2017-04-02 12:33:28,107 INFO org.apache.hadoop.dfs.NameNode.Secondary: Downloaded file fsimage size 5622 bytes.
2017-04-02 12:33:28,111 INFO org.apache.hadoop.dfs.NameNode.Secondary: Downloaded file edits size 4 bytes.
2017-04-02 12:33:28,116 INFO org.apache.hadoop.fs.FSNamesystem: fsOwner=ubuntu,ubuntu,adm,dialout,cdrom,plugdev,lpadmin,sambashare,admin
2017-04-02 12:33:28,116 INFO org.apache.hadoop.fs.FSNamesystem: supergroup=supergroup
2017-04-02 12:33:28,116 INFO org.apache.hadoop.fs.FSNamesystem: isPermissionEnabled=true
2017-04-02 12:33:28,117 INFO org.apache.hadoop.dfs.Storage: Number of files = 51
2017-04-02 12:33:28,120 INFO org.apache.hadoop.dfs.Storage: Number of files under construction = 0
2017-04-02 12:33:28,120 INFO org.apache.hadoop.dfs.Storage: Edits file edits of size 4 edits # 0 loaded in 0 seconds.
2017-04-02 12:33:28,131 INFO org.apache.hadoop.dfs.Storage: Image file of size 5622 saved in 0 seconds.
2017-04-02 12:33:28,140 INFO org.apache.hadoop.fs.FSNamesystem: Number of transactions: 0 Total time for transactions(ms): 0 Number of syncs: 0 SyncTimes(ms): 0 
2017-04-02 12:33:28,171 INFO org.apache.hadoop.dfs.NameNode.Secondary: Posted URL 0.0.0.0:50070putimage=1&port=50090&machine=192.168.1.153&token=-16:301340797:0:1491125607000:1491125608011
2017-04-02 12:33:28,203 WARN org.apache.hadoop.dfs.NameNode.Secondary: Checkpoint done. New Image Size: 5622
2017-04-02 13:33:28,264 INFO org.apache.hadoop.fs.FSNamesystem: Number of transactions: 0 Total time for transactions(ms): 0 Number of syncs: 0 SyncTimes(ms): 0 
2017-04-02 13:33:28,265 WARN org.apache.hadoop.dfs.Storage: Checkpoint directory /home/ubuntu/old_hadoop_temp/dfs/namesecondary is added.
2017-04-02 13:33:28,285 INFO org.apache.hadoop.dfs.NameNode.Secondary: Downloaded file fsimage size 5622 bytes.
2017-04-02 13:33:28,289 INFO org.apache.hadoop.dfs.NameNode.Secondary: Downloaded file edits size 4 bytes.
2017-04-02 13:33:28,299 INFO org.apache.hadoop.fs.FSNamesystem: fsOwner=ubuntu,ubuntu,adm,dialout,cdrom,plugdev,lpadmin,sambashare,admin
2017-04-02 13:33:28,299 INFO org.apache.hadoop.fs.FSNamesystem: supergroup=supergroup
2017-04-02 13:33:28,299 INFO org.apache.hadoop.fs.FSNamesystem: isPermissionEnabled=true
2017-04-02 13:33:28,300 INFO org.apache.hadoop.dfs.Storage: Number of files = 51
2017-04-02 13:33:28,304 INFO org.apache.hadoop.dfs.Storage: Number of files under construction = 0
2017-04-02 13:33:28,304 INFO org.apache.hadoop.dfs.Storage: Edits file edits of size 4 edits # 0 loaded in 0 seconds.
2017-04-02 13:33:28,308 INFO org.apache.hadoop.dfs.Storage: Image file of size 5622 saved in 0 seconds.
2017-04-02 13:33:28,315 INFO org.apache.hadoop.fs.FSNamesystem: Number of transactions: 0 Total time for transactions(ms): 0 Number of syncs: 0 SyncTimes(ms): 0 
2017-04-02 13:33:28,338 INFO org.apache.hadoop.dfs.NameNode.Secondary: Posted URL 0.0.0.0:50070putimage=1&port=50090&machine=192.168.1.153&token=-16:301340797:0:1491129208000:1491129208180
2017-04-02 13:33:28,375 WARN org.apache.hadoop.dfs.NameNode.Secondary: Checkpoint done. New Image Size: 5622
2017-04-02 14:29:09,227 INFO org.apache.hadoop.dfs.NameNode.Secondary: SHUTDOWN_MSG: 
/************************************************************
SHUTDOWN_MSG: Shutting down SecondaryNameNode at rivervm5/192.168.1.153
************************************************************/
