2017-07-01 18:03:15,684 INFO org.apache.hadoop.dfs.NameNode.Secondary: STARTUP_MSG: 
/************************************************************
STARTUP_MSG: Starting SecondaryNameNode
STARTUP_MSG:   host = secondvm1/192.168.1.155
STARTUP_MSG:   args = []
STARTUP_MSG:   version = 0.18.0
STARTUP_MSG:   build = http://svn.apache.org/repos/asf/hadoop/core/branches/branch-0.18 -r 686010; compiled by 'hadoopqa' on Thu Aug 14 19:48:33 UTC 2008
************************************************************/
2017-07-01 18:03:15,767 INFO org.apache.hadoop.metrics.jvm.JvmMetrics: Initializing JVM Metrics with processName=SecondaryNameNode, sessionId=null
2017-07-01 18:03:15,893 WARN org.apache.hadoop.dfs.Storage: Checkpoint directory /home/ubuntu/old_hadoop_temp/dfs/namesecondary is added.
2017-07-01 18:03:15,942 INFO org.mortbay.util.Credential: Checking Resource aliases
2017-07-01 18:03:15,977 INFO org.mortbay.http.HttpServer: Version Jetty/5.1.4
2017-07-01 18:03:15,977 INFO org.mortbay.util.Container: Started HttpContext[/static,/static]
2017-07-01 18:03:15,977 INFO org.mortbay.util.Container: Started HttpContext[/logs,/logs]
2017-07-01 18:03:16,351 INFO org.mortbay.jetty.servlet.XMLConfiguration: No WEB-INF/web.xml in file:/home/ubuntu/old_hadoop/webapps/secondary. Serving files and default/dynamic servlets only
2017-07-01 18:03:16,360 INFO org.mortbay.util.Container: Started org.mortbay.jetty.servlet.WebApplicationHandler@9cc5c2
2017-07-01 18:03:16,400 INFO org.mortbay.util.Container: Started WebApplicationContext[/,/]
2017-07-01 18:03:16,412 INFO org.mortbay.http.SocketListener: Started SocketListener on 0.0.0.0:50090
2017-07-01 18:03:16,412 INFO org.mortbay.util.Container: Started org.mortbay.jetty.Server@2ee23f
2017-07-01 18:03:16,412 INFO org.apache.hadoop.dfs.NameNode.Secondary: Secondary Web-server up at: 0.0.0.0:50090
2017-07-01 18:03:16,412 WARN org.apache.hadoop.dfs.NameNode.Secondary: Checkpoint Period   :3600 secs (60 min)
2017-07-01 18:03:16,412 WARN org.apache.hadoop.dfs.NameNode.Secondary: Log Size Trigger    :67108864 bytes (65536 KB)
2017-07-01 18:04:37,236 INFO org.apache.hadoop.dfs.NameNode.Secondary: SHUTDOWN_MSG: 
/************************************************************
SHUTDOWN_MSG: Shutting down SecondaryNameNode at secondvm1/192.168.1.155
************************************************************/
2017-07-01 18:05:33,918 INFO org.apache.hadoop.dfs.NameNode.Secondary: STARTUP_MSG: 
/************************************************************
STARTUP_MSG: Starting SecondaryNameNode
STARTUP_MSG:   host = secondvm1/192.168.1.155
STARTUP_MSG:   args = []
STARTUP_MSG:   version = 0.18.0
STARTUP_MSG:   build = http://svn.apache.org/repos/asf/hadoop/core/branches/branch-0.18 -r 686010; compiled by 'hadoopqa' on Thu Aug 14 19:48:33 UTC 2008
************************************************************/
2017-07-01 18:05:34,004 INFO org.apache.hadoop.metrics.jvm.JvmMetrics: Initializing JVM Metrics with processName=SecondaryNameNode, sessionId=null
2017-07-01 18:05:34,166 WARN org.apache.hadoop.dfs.Storage: Checkpoint directory /home/ubuntu/old_hadoop_temp/dfs/namesecondary is added.
2017-07-01 18:05:34,219 INFO org.mortbay.util.Credential: Checking Resource aliases
2017-07-01 18:05:34,254 INFO org.mortbay.http.HttpServer: Version Jetty/5.1.4
2017-07-01 18:05:34,255 INFO org.mortbay.util.Container: Started HttpContext[/static,/static]
2017-07-01 18:05:34,255 INFO org.mortbay.util.Container: Started HttpContext[/logs,/logs]
2017-07-01 18:05:34,745 INFO org.mortbay.jetty.servlet.XMLConfiguration: No WEB-INF/web.xml in file:/home/ubuntu/old_hadoop/webapps/secondary. Serving files and default/dynamic servlets only
2017-07-01 18:05:34,758 INFO org.mortbay.util.Container: Started org.mortbay.jetty.servlet.WebApplicationHandler@11ea681
2017-07-01 18:05:34,800 INFO org.mortbay.util.Container: Started WebApplicationContext[/,/]
2017-07-01 18:05:34,802 INFO org.mortbay.http.SocketListener: Started SocketListener on 0.0.0.0:50090
2017-07-01 18:05:34,802 INFO org.mortbay.util.Container: Started org.mortbay.jetty.Server@85c10
2017-07-01 18:05:34,802 INFO org.apache.hadoop.dfs.NameNode.Secondary: Secondary Web-server up at: 0.0.0.0:50090
2017-07-01 18:05:34,802 WARN org.apache.hadoop.dfs.NameNode.Secondary: Checkpoint Period   :3600 secs (60 min)
2017-07-01 18:05:34,802 WARN org.apache.hadoop.dfs.NameNode.Secondary: Log Size Trigger    :67108864 bytes (65536 KB)
2017-07-01 18:08:37,247 INFO org.apache.hadoop.dfs.NameNode.Secondary: SHUTDOWN_MSG: 
/************************************************************
SHUTDOWN_MSG: Shutting down SecondaryNameNode at secondvm1/192.168.1.155
************************************************************/
2017-07-01 18:08:43,786 INFO org.apache.hadoop.dfs.NameNode.Secondary: STARTUP_MSG: 
/************************************************************
STARTUP_MSG: Starting SecondaryNameNode
STARTUP_MSG:   host = secondvm1/192.168.1.155
STARTUP_MSG:   args = []
STARTUP_MSG:   version = 0.18.0
STARTUP_MSG:   build = http://svn.apache.org/repos/asf/hadoop/core/branches/branch-0.18 -r 686010; compiled by 'hadoopqa' on Thu Aug 14 19:48:33 UTC 2008
************************************************************/
2017-07-01 18:08:43,875 INFO org.apache.hadoop.metrics.jvm.JvmMetrics: Initializing JVM Metrics with processName=SecondaryNameNode, sessionId=null
2017-07-01 18:08:43,998 WARN org.apache.hadoop.dfs.Storage: Checkpoint directory /home/ubuntu/old_hadoop_temp/dfs/namesecondary is added.
2017-07-01 18:08:44,042 INFO org.mortbay.util.Credential: Checking Resource aliases
2017-07-01 18:08:44,069 INFO org.mortbay.http.HttpServer: Version Jetty/5.1.4
2017-07-01 18:08:44,069 INFO org.mortbay.util.Container: Started HttpContext[/static,/static]
2017-07-01 18:08:44,069 INFO org.mortbay.util.Container: Started HttpContext[/logs,/logs]
2017-07-01 18:08:44,385 INFO org.mortbay.jetty.servlet.XMLConfiguration: No WEB-INF/web.xml in file:/home/ubuntu/old_hadoop/webapps/secondary. Serving files and default/dynamic servlets only
2017-07-01 18:08:44,386 INFO org.mortbay.util.Container: Started org.mortbay.jetty.servlet.WebApplicationHandler@36ca59
2017-07-01 18:08:44,413 INFO org.mortbay.util.Container: Started WebApplicationContext[/,/]
2017-07-01 18:08:44,414 INFO org.mortbay.http.SocketListener: Started SocketListener on 0.0.0.0:50090
2017-07-01 18:08:44,414 INFO org.mortbay.util.Container: Started org.mortbay.jetty.Server@85c10
2017-07-01 18:08:44,414 INFO org.apache.hadoop.dfs.NameNode.Secondary: Secondary Web-server up at: 0.0.0.0:50090
2017-07-01 18:08:44,414 WARN org.apache.hadoop.dfs.NameNode.Secondary: Checkpoint Period   :3600 secs (60 min)
2017-07-01 18:08:44,414 WARN org.apache.hadoop.dfs.NameNode.Secondary: Log Size Trigger    :67108864 bytes (65536 KB)
2017-07-01 18:13:18,150 INFO org.apache.hadoop.dfs.NameNode.Secondary: SHUTDOWN_MSG: 
/************************************************************
SHUTDOWN_MSG: Shutting down SecondaryNameNode at secondvm1/192.168.1.155
************************************************************/
2017-07-01 18:13:24,539 INFO org.apache.hadoop.dfs.NameNode.Secondary: STARTUP_MSG: 
/************************************************************
STARTUP_MSG: Starting SecondaryNameNode
STARTUP_MSG:   host = secondvm1/192.168.1.155
STARTUP_MSG:   args = []
STARTUP_MSG:   version = 0.18.0
STARTUP_MSG:   build = http://svn.apache.org/repos/asf/hadoop/core/branches/branch-0.18 -r 686010; compiled by 'hadoopqa' on Thu Aug 14 19:48:33 UTC 2008
************************************************************/
2017-07-01 18:13:24,624 INFO org.apache.hadoop.metrics.jvm.JvmMetrics: Initializing JVM Metrics with processName=SecondaryNameNode, sessionId=null
2017-07-01 18:13:24,750 WARN org.apache.hadoop.dfs.Storage: Checkpoint directory /home/ubuntu/old_hadoop_temp/dfs/namesecondary is added.
2017-07-01 18:13:24,803 INFO org.mortbay.util.Credential: Checking Resource aliases
2017-07-01 18:13:24,837 INFO org.mortbay.http.HttpServer: Version Jetty/5.1.4
2017-07-01 18:13:24,838 INFO org.mortbay.util.Container: Started HttpContext[/static,/static]
2017-07-01 18:13:24,838 INFO org.mortbay.util.Container: Started HttpContext[/logs,/logs]
2017-07-01 18:13:25,210 INFO org.mortbay.jetty.servlet.XMLConfiguration: No WEB-INF/web.xml in file:/home/ubuntu/old_hadoop/webapps/secondary. Serving files and default/dynamic servlets only
2017-07-01 18:13:25,221 INFO org.mortbay.util.Container: Started org.mortbay.jetty.servlet.WebApplicationHandler@1520844
2017-07-01 18:13:25,277 INFO org.mortbay.util.Container: Started WebApplicationContext[/,/]
2017-07-01 18:13:25,280 INFO org.mortbay.http.SocketListener: Started SocketListener on 0.0.0.0:50090
2017-07-01 18:13:25,280 INFO org.mortbay.util.Container: Started org.mortbay.jetty.Server@9d5246
2017-07-01 18:13:25,281 INFO org.apache.hadoop.dfs.NameNode.Secondary: Secondary Web-server up at: 0.0.0.0:50090
2017-07-01 18:13:25,281 WARN org.apache.hadoop.dfs.NameNode.Secondary: Checkpoint Period   :3600 secs (60 min)
2017-07-01 18:13:25,281 WARN org.apache.hadoop.dfs.NameNode.Secondary: Log Size Trigger    :67108864 bytes (65536 KB)
2017-07-01 18:18:25,288 WARN org.apache.hadoop.dfs.Storage: Checkpoint directory /home/ubuntu/old_hadoop_temp/dfs/namesecondary is added.
2017-07-01 18:18:25,302 FATAL org.apache.hadoop.conf.Configuration: error parsing conf file: java.io.FileNotFoundException: /home/ubuntu/old_hadoop/hadoop-0.18.0-core.jar (No such file or directory)
2017-07-01 18:18:25,303 ERROR org.apache.hadoop.dfs.NameNode.Secondary: Throwable Exception in doCheckpoint: 
2017-07-01 18:18:25,305 ERROR org.apache.hadoop.dfs.NameNode.Secondary: java.lang.ExceptionInInitializerError
	at org.apache.hadoop.dfs.TransferFsImage.getFileClient(TransferFsImage.java:141)
	at org.apache.hadoop.dfs.SecondaryNameNode.downloadCheckpointFiles(SecondaryNameNode.java:247)
	at org.apache.hadoop.dfs.SecondaryNameNode.doCheckpoint(SecondaryNameNode.java:304)
	at org.apache.hadoop.dfs.SecondaryNameNode.run(SecondaryNameNode.java:216)
	at java.lang.Thread.run(Thread.java:722)
Caused by: java.lang.RuntimeException: java.io.FileNotFoundException: /home/ubuntu/old_hadoop/hadoop-0.18.0-core.jar (No such file or directory)
	at org.apache.hadoop.conf.Configuration.loadResource(Configuration.java:948)
	at org.apache.hadoop.conf.Configuration.loadResources(Configuration.java:851)
	at org.apache.hadoop.conf.Configuration.getProps(Configuration.java:819)
	at org.apache.hadoop.conf.Configuration.get(Configuration.java:278)
	at org.apache.hadoop.conf.Configuration.getInt(Configuration.java:336)
	at org.apache.hadoop.dfs.FSConstants.<clinit>(FSConstants.java:135)
	... 5 more
Caused by: java.io.FileNotFoundException: /home/ubuntu/old_hadoop/hadoop-0.18.0-core.jar (No such file or directory)
	at java.util.zip.ZipFile.open(Native Method)
	at java.util.zip.ZipFile.<init>(ZipFile.java:214)
	at java.util.zip.ZipFile.<init>(ZipFile.java:144)
	at java.util.jar.JarFile.<init>(JarFile.java:153)
	at java.util.jar.JarFile.<init>(JarFile.java:90)
	at sun.net.www.protocol.jar.URLJarFile.<init>(URLJarFile.java:93)
	at sun.net.www.protocol.jar.URLJarFile.getJarFile(URLJarFile.java:69)
	at sun.net.www.protocol.jar.JarFileFactory.get(JarFileFactory.java:73)
	at sun.net.www.protocol.jar.JarURLConnection.connect(JarURLConnection.java:122)
	at sun.net.www.protocol.jar.JarURLConnection.getInputStream(JarURLConnection.java:150)
	at com.sun.org.apache.xerces.internal.impl.XMLEntityManager.setupCurrentEntity(XMLEntityManager.java:609)
	at com.sun.org.apache.xerces.internal.impl.XMLVersionDetector.determineDocVersion(XMLVersionDetector.java:189)
	at com.sun.org.apache.xerces.internal.parsers.XML11Configuration.parse(XML11Configuration.java:799)
	at com.sun.org.apache.xerces.internal.parsers.XML11Configuration.parse(XML11Configuration.java:764)
	at com.sun.org.apache.xerces.internal.parsers.XMLParser.parse(XMLParser.java:123)
	at com.sun.org.apache.xerces.internal.parsers.DOMParser.parse(DOMParser.java:237)
	at com.sun.org.apache.xerces.internal.jaxp.DocumentBuilderImpl.parse(DocumentBuilderImpl.java:300)
	at javax.xml.parsers.DocumentBuilder.parse(DocumentBuilder.java:177)
	at org.apache.hadoop.conf.Configuration.loadResource(Configuration.java:879)
	... 10 more

2017-07-01 18:18:25,308 INFO org.apache.hadoop.dfs.NameNode.Secondary: SHUTDOWN_MSG: 
/************************************************************
SHUTDOWN_MSG: Shutting down SecondaryNameNode at secondvm1/192.168.1.155
************************************************************/
2017-07-01 18:20:22,144 INFO org.apache.hadoop.dfs.NameNode.Secondary: STARTUP_MSG: 
/************************************************************
STARTUP_MSG: Starting SecondaryNameNode
STARTUP_MSG:   host = secondvm1/192.168.1.155
STARTUP_MSG:   args = []
STARTUP_MSG:   version = 0.18.0
STARTUP_MSG:   build = http://svn.apache.org/repos/asf/hadoop/core/branches/branch-0.18 -r 686010; compiled by 'hadoopqa' on Thu Aug 14 19:48:33 UTC 2008
************************************************************/
2017-07-01 18:20:22,226 INFO org.apache.hadoop.metrics.jvm.JvmMetrics: Initializing JVM Metrics with processName=SecondaryNameNode, sessionId=null
2017-07-01 18:20:22,353 INFO org.apache.hadoop.dfs.Storage: Recovering storage directory /home/ubuntu/old_hadoop_temp/dfs/namesecondary from failed checkpoint.
2017-07-01 18:20:22,356 WARN org.apache.hadoop.dfs.Storage: Checkpoint directory /home/ubuntu/old_hadoop_temp/dfs/namesecondary is added.
2017-07-01 18:20:22,394 INFO org.mortbay.util.Credential: Checking Resource aliases
2017-07-01 18:20:22,421 INFO org.mortbay.http.HttpServer: Version Jetty/5.1.4
2017-07-01 18:20:22,421 INFO org.mortbay.util.Container: Started HttpContext[/static,/static]
2017-07-01 18:20:22,422 INFO org.mortbay.util.Container: Started HttpContext[/logs,/logs]
2017-07-01 18:20:22,767 INFO org.mortbay.jetty.servlet.XMLConfiguration: No WEB-INF/web.xml in file:/home/ubuntu/old_hadoop/webapps/secondary. Serving files and default/dynamic servlets only
2017-07-01 18:20:22,769 INFO org.mortbay.util.Container: Started org.mortbay.jetty.servlet.WebApplicationHandler@8a93de
2017-07-01 18:20:22,813 INFO org.mortbay.util.Container: Started WebApplicationContext[/,/]
2017-07-01 18:20:22,815 INFO org.mortbay.http.SocketListener: Started SocketListener on 0.0.0.0:50090
2017-07-01 18:20:22,815 INFO org.mortbay.util.Container: Started org.mortbay.jetty.Server@11902c5
2017-07-01 18:20:22,815 INFO org.apache.hadoop.dfs.NameNode.Secondary: Secondary Web-server up at: 0.0.0.0:50090
2017-07-01 18:20:22,815 WARN org.apache.hadoop.dfs.NameNode.Secondary: Checkpoint Period   :3600 secs (60 min)
2017-07-01 18:20:22,815 WARN org.apache.hadoop.dfs.NameNode.Secondary: Log Size Trigger    :67108864 bytes (65536 KB)
2017-07-01 18:20:37,479 INFO org.apache.hadoop.dfs.NameNode.Secondary: SHUTDOWN_MSG: 
/************************************************************
SHUTDOWN_MSG: Shutting down SecondaryNameNode at secondvm1/192.168.1.155
************************************************************/
